Flutter crash report.
Please report a bug at https://github.com/flutter/flutter/issues.

## command

flutter test --machine --start-paused --name ^SearchScreen displays a list of items and allows searching( \(variant: .*\))?$ --run-skipped -d emulator-5554 C:\Users\ssasi\OneDrive\Documents\testapp\Project_final\khongmongkol\lib\screen\test\search_screen_test.dart

## exception

PathNotFoundException: PathNotFoundException: Cannot open file, path = 'build\unit_test_assets\assets/thursday/plant/%E0%B8%A7%E0%B9%88%E0%B8%B2%E0%B8%99%E0%B9%80%E0%B8%9E%E0%B8%8A%E0%B8%A3%E0%B8%99%E0%B8%B2%E0%B8%A3%E0%B8%B2%E0%B8%A2%E0%B8%93%E0%B9%8C.jpg' (OS Error: The system cannot find the path specified.
, errno = 3)

```
#0      _File.throwIfError (dart:io/file_impl.dart:675:7)
#1      _File.openSync (dart:io/file_impl.dart:490:5)
#2      ForwardingFile.openSync (package:file/src/forwarding/forwarding_file.dart:74:16)
#3      ErrorHandlingFile.openSync.<anonymous closure> (package:flutter_tools/src/base/error_handling_io.dart:294:22)
#4      _runSync (package:flutter_tools/src/base/error_handling_io.dart:587:14)
#5      ErrorHandlingFile.openSync (package:flutter_tools/src/base/error_handling_io.dart:293:12)
#6      ErrorHandlingFile.copySync.<anonymous closure> (package:flutter_tools/src/base/error_handling_io.dart:337:27)
#7      _runSync (package:flutter_tools/src/base/error_handling_io.dart:587:14)
#8      ErrorHandlingFile.copySync (package:flutter_tools/src/base/error_handling_io.dart:332:5)
#9      writeBundle.<anonymous closure> (package:flutter_tools/src/bundle_builder.dart:230:19)
<asynchronous suspension>
#10     Future.wait.<anonymous closure> (dart:async/future.dart:524:21)
<asynchronous suspension>
#11     writeBundle (package:flutter_tools/src/bundle_builder.dart:185:3)
<asynchronous suspension>
#12     TestCommand._buildTestAsset (package:flutter_tools/src/commands/test.dart:682:7)
<asynchronous suspension>
#13     TestCommand.runCommand (package:flutter_tools/src/commands/test.dart:412:7)
<asynchronous suspension>
#14     FlutterCommand.run.<anonymous closure> (package:flutter_tools/src/runner/flutter_command.dart:1394:27)
<asynchronous suspension>
#15     AppContext.run.<anonymous closure> (package:flutter_tools/src/base/context.dart:153:19)
<asynchronous suspension>
#16     CommandRunner.runCommand (package:args/command_runner.dart:212:13)
<asynchronous suspension>
#17     FlutterCommandRunner.runCommand.<anonymous closure> (package:flutter_tools/src/runner/flutter_command_runner.dart:372:9)
<asynchronous suspension>
#18     AppContext.run.<anonymous closure> (package:flutter_tools/src/base/context.dart:153:19)
<asynchronous suspension>
#19     FlutterCommandRunner.runCommand (package:flutter_tools/src/runner/flutter_command_runner.dart:308:5)
<asynchronous suspension>
#20     run.<anonymous closure>.<anonymous closure> (package:flutter_tools/runner.dart:130:9)
<asynchronous suspension>
#21     AppContext.run.<anonymous closure> (package:flutter_tools/src/base/context.dart:153:19)
<asynchronous suspension>
#22     main (package:flutter_tools/executable.dart:93:3)
<asynchronous suspension>
```

## flutter doctor

```
[âœ“] Flutter (Channel stable, 3.22.2, on Microsoft Windows [Version 10.0.22631.4169], locale th-TH)
    â€¢ Flutter version 3.22.2 on channel stable at C:\Dev\flutter
    â€¢ Upstream repository https://github.com/flutter/flutter.git
    â€¢ Framework revision 761747bfc5 (4 months ago), 2024-06-05 22:15:13 +0200
    â€¢ Engine revision edd8546116
    â€¢ Dart version 3.4.3
    â€¢ DevTools version 2.34.3

[âœ“] Windows Version (Installed version of Windows is version 10 or higher)

[âœ“] Android toolchain - develop for Android devices (Android SDK version 34.0.0)
    â€¢ Android SDK at C:\Users\ssasi\AppData\Local\Android\sdk
    â€¢ Platform android-34, build-tools 34.0.0
    â€¢ Java binary at: C:\Program Files\Android\Android Studio\jbr\bin\java
    â€¢ Java version OpenJDK Runtime Environment (build 17.0.11+0--11852314)
    â€¢ All Android licenses accepted.

[âœ“] Chrome - develop for the web
    â€¢ Chrome at C:\Program Files\Google\Chrome\Application\chrome.exe

[âœ—] Visual Studio - develop Windows apps
    âœ— Visual Studio not installed; this is necessary to develop Windows apps.
      Download at https://visualstudio.microsoft.com/downloads/.
      Please install the "Desktop development with C++" workload, including all of its default components

[âœ“] Android Studio (version 2024.1)
    â€¢ Android Studio at C:\Program Files\Android\Android Studio
    â€¢ Flutter plugin can be installed from:
      ðŸ”¨ https://plugins.jetbrains.com/plugin/9212-flutter
    â€¢ Dart plugin can be installed from:
      ðŸ”¨ https://plugins.jetbrains.com/plugin/6351-dart
    â€¢ Java version OpenJDK Runtime Environment (build 17.0.11+0--11852314)

[âœ“] VS Code (version 1.94.2)
    â€¢ VS Code at C:\Users\ssasi\AppData\Local\Programs\Microsoft VS Code
    â€¢ Flutter extension version 3.98.0

[âœ“] Connected device (4 available)
    â€¢ sdk gphone64 x86 64 (mobile) â€¢ emulator-5554 â€¢ android-x64    â€¢ Android 14 (API 34) (emulator)
    â€¢ Windows (desktop)            â€¢ windows       â€¢ windows-x64    â€¢ Microsoft Windows [Version 10.0.22631.4169]
    â€¢ Chrome (web)                 â€¢ chrome        â€¢ web-javascript â€¢ Google Chrome 129.0.6668.100
    â€¢ Edge (web)                   â€¢ edge          â€¢ web-javascript â€¢ Microsoft Edge 129.0.2792.89

[âœ“] Network resources
    â€¢ All expected network resources are available.

! Doctor found issues in 1 category.
```
